Copyright 1986-2017 Xilinx, Inc. All Rights Reserved.
----------------------------------------------------------------------------------------------------------------------------------------------------------------------
| Tool Version     : Vivado v.2017.4 (win64) Build 2086221 Fri Dec 15 20:55:39 MST 2017
| Date             : Thu Mar  6 16:55:07 2025
| Host             : micbook14pro running 64-bit major release  (build 9200)
| Command          : report_power -file design_1_wrapper_power_routed.rpt -pb design_1_wrapper_power_summary_routed.pb -rpx design_1_wrapper_power_routed.rpx
| Design           : design_1_wrapper
| Device           : xc7z020clg484-1
| Design State     : routed
| Grade            : commercial
| Process          : typical
| Characterization : Production
----------------------------------------------------------------------------------------------------------------------------------------------------------------------

Power Report

Table of Contents
-----------------
1. Summary
1.1 On-Chip Components
1.2 Power Supply Summary
1.3 Confidence Level
2. Settings
2.1 Environment
2.2 Clock Constraints
3. Detailed Reports
3.1 By Hierarchy

1. Summary
----------

+--------------------------+--------------+
| Total On-Chip Power (W)  | 1.672        |
| Design Power Budget (W)  | Unspecified* |
| Power Budget Margin (W)  | NA           |
| Dynamic (W)              | 1.531        |
| Device Static (W)        | 0.141        |
| Effective TJA (C/W)      | 11.5         |
| Max Ambient (C)          | 65.7         |
| Junction Temperature (C) | 44.3         |
| Confidence Level         | Medium       |
| Setting File             | ---          |
| Simulation Activity File | ---          |
| Design Nets Matched      | NA           |
+--------------------------+--------------+
* Specify Design Power Budget using, set_operating_conditions -design_power_budget <value in Watts>


1.1 On-Chip Components
----------------------

+-------------------------+-----------+----------+-----------+-----------------+
| On-Chip                 | Power (W) | Used     | Available | Utilization (%) |
+-------------------------+-----------+----------+-----------+-----------------+
| Clocks                  |     0.002 |        3 |       --- |             --- |
| Slice Logic             |     0.001 |     2605 |       --- |             --- |
|   LUT as Logic          |    <0.001 |      869 |     53200 |            1.63 |
|   Register              |    <0.001 |     1181 |    106400 |            1.11 |
|   CARRY4                |    <0.001 |       50 |     13300 |            0.38 |
|   LUT as Shift Register |    <0.001 |       66 |     17400 |            0.38 |
|   Others                |     0.000 |      223 |       --- |             --- |
| Signals                 |     0.001 |     1904 |       --- |             --- |
| I/O                     |    <0.001 |        2 |       200 |            1.00 |
| PS7                     |     1.526 |        1 |       --- |             --- |
| Static Power            |     0.141 |          |           |                 |
| Total                   |     1.672 |          |           |                 |
+-------------------------+-----------+----------+-----------+-----------------+


1.2 Power Supply Summary
------------------------

+-----------+-------------+-----------+-------------+------------+
| Source    | Voltage (V) | Total (A) | Dynamic (A) | Static (A) |
+-----------+-------------+-----------+-------------+------------+
| Vccint    |       1.000 |     0.019 |       0.005 |      0.015 |
| Vccaux    |       1.800 |     0.015 |       0.000 |      0.015 |
| Vcco33    |       3.300 |     0.001 |       0.000 |      0.001 |
| Vcco25    |       2.500 |     0.000 |       0.000 |      0.000 |
| Vcco18    |       1.800 |     0.000 |       0.000 |      0.000 |
| Vcco15    |       1.500 |     0.000 |       0.000 |      0.000 |
| Vcco135   |       1.350 |     0.000 |       0.000 |      0.000 |
| Vcco12    |       1.200 |     0.000 |       0.000 |      0.000 |
| Vccaux_io |       1.800 |     0.000 |       0.000 |      0.000 |
| Vccbram   |       1.000 |     0.001 |       0.000 |      0.001 |
| MGTAVcc   |       1.000 |     0.000 |       0.000 |      0.000 |
| MGTAVtt   |       1.200 |     0.000 |       0.000 |      0.000 |
| MGTVccaux |       1.800 |     0.000 |       0.000 |      0.000 |
| Vccpint   |       1.000 |     0.752 |       0.722 |      0.030 |
| Vccpaux   |       1.800 |     0.061 |       0.050 |      0.010 |
| Vccpll    |       1.800 |     0.018 |       0.015 |      0.003 |
| Vcco_ddr  |       1.500 |     0.459 |       0.457 |      0.002 |
| Vcco_mio0 |       1.800 |     0.000 |       0.000 |      0.000 |
| Vcco_mio1 |       1.800 |     0.001 |       0.000 |      0.001 |
| Vccadc    |       1.800 |     0.020 |       0.000 |      0.020 |
+-----------+-------------+-----------+-------------+------------+


1.3 Confidence Level
--------------------

+-----------------------------+------------+------------------------------------------------+------------------------------------------------------------------------------------------------------------+
| User Input Data             | Confidence | Details                                        | Action                                                                                                     |
+-----------------------------+------------+------------------------------------------------+------------------------------------------------------------------------------------------------------------+
| Design implementation state | High       | Design is routed                               |                                                                                                            |
| Clock nodes activity        | High       | User specified more than 95% of clocks         |                                                                                                            |
| I/O nodes activity          | High       | User specified more than 95% of inputs         |                                                                                                            |
| Internal nodes activity     | Medium     | User specified less than 25% of internal nodes | Provide missing internal nodes activity with simulation results or by editing the "By Resource Type" views |
| Device models               | High       | Device models are Production                   |                                                                                                            |
|                             |            |                                                |                                                                                                            |
| Overall confidence level    | Medium     |                                                |                                                                                                            |
+-----------------------------+------------+------------------------------------------------+------------------------------------------------------------------------------------------------------------+


2. Settings
-----------

2.1 Environment
---------------

+-----------------------+------------------------+
| Ambient Temp (C)      | 25.0                   |
| ThetaJA (C/W)         | 11.5                   |
| Airflow (LFM)         | 250                    |
| Heat Sink             | none                   |
| ThetaSA (C/W)         | 0.0                    |
| Board Selection       | medium (10"x10")       |
| # of Board Layers     | 8to11 (8 to 11 Layers) |
| Board Temperature (C) | 25.0                   |
+-----------------------+------------------------+


2.2 Clock Constraints
---------------------

+------------+-------------------------------------------------------------+-----------------+
| Clock      | Domain                                                      | Constraint (ns) |
+------------+-------------------------------------------------------------+-----------------+
| clk_fpga_0 | design_1_i/processing_system7_0/inst/FCLK_CLK_unbuffered[0] |            20.0 |
+------------+-------------------------------------------------------------+-----------------+


3. Detailed Reports
-------------------

3.1 By Hierarchy
----------------

+--------------------------------------------------------------+-----------+
| Name                                                         | Power (W) |
+--------------------------------------------------------------+-----------+
| design_1_wrapper                                             |     1.531 |
|   design_1_i                                                 |     1.531 |
|     axi_gpio_0                                               |    <0.001 |
|       U0                                                     |    <0.001 |
|         AXI_LITE_IPIF_I                                      |    <0.001 |
|           I_SLAVE_ATTACHMENT                                 |    <0.001 |
|             I_DECODER                                        |    <0.001 |
|         gpio_core_1                                          |    <0.001 |
|     processing_system7_0                                     |     1.526 |
|       inst                                                   |     1.526 |
|     ps7_0_axi_periph                                         |     0.004 |
|       m01_couplers                                           |     0.002 |
|         auto_pc                                              |     0.002 |
|           inst                                               |     0.002 |
|             gen_axilite.gen_b2s_conv.axilite_b2s             |     0.002 |
|               RD.ar_channel_0                                |    <0.001 |
|                 ar_cmd_fsm_0                                 |    <0.001 |
|                 cmd_translator_0                             |    <0.001 |
|                   incr_cmd_0                                 |    <0.001 |
|                   wrap_cmd_0                                 |    <0.001 |
|               RD.r_channel_0                                 |    <0.001 |
|                 rd_data_fifo_0                               |    <0.001 |
|                 transaction_fifo_0                           |    <0.001 |
|               SI_REG                                         |    <0.001 |
|                 ar.ar_pipe                                   |    <0.001 |
|                 aw.aw_pipe                                   |    <0.001 |
|                 b.b_pipe                                     |    <0.001 |
|                 r.r_pipe                                     |    <0.001 |
|               WR.aw_channel_0                                |    <0.001 |
|                 aw_cmd_fsm_0                                 |    <0.001 |
|                 cmd_translator_0                             |    <0.001 |
|                   incr_cmd_0                                 |    <0.001 |
|                   wrap_cmd_0                                 |    <0.001 |
|               WR.b_channel_0                                 |    <0.001 |
|                 bid_fifo_0                                   |    <0.001 |
|                 bresp_fifo_0                                 |    <0.001 |
|       s00_couplers                                           |     0.000 |
|         auto_pc                                              |     0.000 |
|           inst                                               |     0.000 |
|       xbar                                                   |     0.002 |
|         inst                                                 |     0.002 |
|           gen_samd.crossbar_samd                             |     0.002 |
|             addr_arbiter_ar                                  |    <0.001 |
|             addr_arbiter_aw                                  |    <0.001 |
|             gen_decerr_slave.decerr_slave_inst               |    <0.001 |
|             gen_master_slots[0].reg_slice_mi                 |    <0.001 |
|               b.b_pipe                                       |    <0.001 |
|               r.r_pipe                                       |    <0.001 |
|             gen_master_slots[1].reg_slice_mi                 |    <0.001 |
|               b.b_pipe                                       |    <0.001 |
|               r.r_pipe                                       |    <0.001 |
|             gen_master_slots[2].reg_slice_mi                 |    <0.001 |
|               b.b_pipe                                       |    <0.001 |
|               r.r_pipe                                       |    <0.001 |
|             gen_slave_slots[0].gen_si_read.si_transactor_ar  |    <0.001 |
|               gen_multi_thread.arbiter_resp_inst             |    <0.001 |
|             gen_slave_slots[0].gen_si_write.si_transactor_aw |    <0.001 |
|               gen_multi_thread.arbiter_resp_inst             |    <0.001 |
|             gen_slave_slots[0].gen_si_write.splitter_aw_si   |    <0.001 |
|             gen_slave_slots[0].gen_si_write.wdata_router_w   |    <0.001 |
|               wrouter_aw_fifo                                |    <0.001 |
|                 gen_srls[0].gen_rep[0].srl_nx1               |    <0.001 |
|                 gen_srls[0].gen_rep[1].srl_nx1               |    <0.001 |
|             splitter_aw_mi                                   |    <0.001 |
|     rst_ps7_0_50M                                            |    <0.001 |
|       U0                                                     |    <0.001 |
|         EXT_LPF                                              |    <0.001 |
|           ACTIVE_LOW_AUX.ACT_LO_AUX                          |    <0.001 |
|           ACTIVE_LOW_EXT.ACT_LO_EXT                          |    <0.001 |
|         SEQ                                                  |    <0.001 |
|           SEQ_COUNTER                                        |    <0.001 |
+--------------------------------------------------------------+-----------+


