12:16:56 INFO  : Registering command handlers for SDK TCF services
12:16:56 INFO  : Launching XSCT server: xsct.bat -interactive C:\Users\MikanseiP\Desktop\zonghekechengsheji\light_sensor\light_sensor.sdk\temp_xsdb_launch_script.tcl
12:16:58 INFO  : XSCT server has started successfully.
12:16:59 INFO  : Successfully done setting XSCT server connection channel  
12:16:59 INFO  : Successfully done setting SDK workspace  
12:16:59 INFO  : Processing command line option -hwspec C:/Users/MikanseiP/Desktop/zonghekechengsheji/light_sensor/light_sensor.sdk/design_1_wrapper.hdf.
12:24:02 INFO  : 'targets -set -filter {jtag_cable_name =~ "Xilinx TUL1 1234-tulA" && level==0} -index 1' command is executed.
12:24:02 INFO  : 'fpga -state' command is executed.
12:24:02 INFO  : Connected to target on host '127.0.0.1' and port '3121'.
12:24:02 INFO  : Jtag cable 'Xilinx TUL1 1234-tulA' is selected.
12:24:02 INFO  : 'jtag frequency' command is executed.
12:24:02 INFO  : Sourcing of 'C:/Users/MikanseiP/Desktop/zonghekechengsheji/light_sensor/light_sensor.sdk/design_1_wrapper_hw_platform_0/ps7_init.tcl' is done.
12:24:02 INFO  : Context for 'APU' is selected.
12:24:02 INFO  : Hardware design information is loaded from 'C:/Users/MikanseiP/Desktop/zonghekechengsheji/light_sensor/light_sensor.sdk/design_1_wrapper_hw_platform_0/system.hdf'.
12:24:02 INFO  : 'configparams force-mem-access 1' command is executed.
12:24:02 INFO  : Context for 'APU' is selected.
12:24:02 INFO  : 'stop' command is executed.
12:24:02 INFO  : 'ps7_init' command is executed.
12:24:02 INFO  : 'ps7_post_config' command is executed.
12:24:02 INFO  : Context for processor 'ps7_cortexa9_0' is selected.
12:24:02 INFO  : Processor reset is completed for 'ps7_cortexa9_0'.
12:24:02 INFO  : Context for processor 'ps7_cortexa9_0' is selected.
12:24:02 INFO  : The application 'C:/Users/MikanseiP/Desktop/zonghekechengsheji/light_sensor/light_sensor.sdk/light_sensor/Debug/light_sensor.elf' is downloaded to processor 'ps7_cortexa9_0'.
12:24:02 INFO  : 'configparams force-mem-access 0' command is executed.
12:24:02 INFO  : ----------------XSDB Script----------------
connect -url tcp:127.0.0.1:3121
source C:/Users/MikanseiP/Desktop/zonghekechengsheji/light_sensor/light_sensor.sdk/design_1_wrapper_hw_platform_0/ps7_init.tcl
targets -set -nocase -filter {name =~"APU*" && jtag_cable_name =~ "Xilinx TUL1 1234-tulA"} -index 0
loadhw -hw C:/Users/MikanseiP/Desktop/zonghekechengsheji/light_sensor/light_sensor.sdk/design_1_wrapper_hw_platform_0/system.hdf -mem-ranges [list {0x40000000 0xbfffffff}]
configparams force-mem-access 1
targets -set -nocase -filter {name =~"APU*" && jtag_cable_name =~ "Xilinx TUL1 1234-tulA"} -index 0
stop
ps7_init
ps7_post_config
targets -set -nocase -filter {name =~ "ARM*#0" && jtag_cable_name =~ "Xilinx TUL1 1234-tulA"} -index 0
rst -processor
targets -set -nocase -filter {name =~ "ARM*#0" && jtag_cable_name =~ "Xilinx TUL1 1234-tulA"} -index 0
dow C:/Users/MikanseiP/Desktop/zonghekechengsheji/light_sensor/light_sensor.sdk/light_sensor/Debug/light_sensor.elf
configparams force-mem-access 0
----------------End of Script----------------

12:24:02 INFO  : Memory regions updated for context APU
12:24:03 INFO  : Context for processor 'ps7_cortexa9_0' is selected.
12:24:03 INFO  : 'con' command is executed.
12:24:03 INFO  : ----------------XSDB Script (After Launch)----------------
targets -set -nocase -filter {name =~ "ARM*#0" && jtag_cable_name =~ "Xilinx TUL1 1234-tulA"} -index 0
con
----------------End of Script----------------

12:24:03 INFO  : Launch script is exported to file 'C:\Users\MikanseiP\Desktop\zonghekechengsheji\light_sensor\light_sensor.sdk\.sdk\launch_scripts\xilinx_c-c++_application_(system_debugger)\system_debugger_using_debug_light_sensor.elf_on_local.tcl'
12:24:57 INFO  : Disconnected from the channel tcfchan#1.
14:43:50 INFO  : Registering command handlers for SDK TCF services
14:43:51 INFO  : Launching XSCT server: xsct.bat -interactive D:\zonghekechensheji\light_sensor\light_sensor.sdk\temp_xsdb_launch_script.tcl
14:43:53 INFO  : XSCT server has started successfully.
14:43:53 INFO  : Successfully done setting XSCT server connection channel  
14:43:56 INFO  : Successfully done setting SDK workspace  
14:43:56 INFO  : Processing command line option -hwspec D:/zonghekechensheji/light_sensor/light_sensor.sdk/design_1_wrapper.hdf.
14:52:18 INFO  : 'targets -set -filter {jtag_cable_name =~ "Xilinx TUL1 1234-tulA" && level==0} -index 1' command is executed.
14:52:18 INFO  : 'fpga -state' command is executed.
14:52:18 INFO  : Connected to target on host '127.0.0.1' and port '3121'.
14:52:18 INFO  : Jtag cable 'Xilinx TUL1 1234-tulA' is selected.
14:52:18 INFO  : 'jtag frequency' command is executed.
14:52:18 INFO  : Sourcing of 'D:/zonghekechensheji/light_sensor/light_sensor.sdk/design_1_wrapper_hw_platform_0/ps7_init.tcl' is done.
14:52:18 INFO  : Context for 'APU' is selected.
14:52:18 INFO  : Hardware design information is loaded from 'D:/zonghekechensheji/light_sensor/light_sensor.sdk/design_1_wrapper_hw_platform_0/system.hdf'.
14:52:18 INFO  : 'configparams force-mem-access 1' command is executed.
14:52:18 INFO  : Context for 'APU' is selected.
14:52:18 INFO  : 'stop' command is executed.
14:52:18 INFO  : 'ps7_init' command is executed.
14:52:18 INFO  : 'ps7_post_config' command is executed.
14:52:18 INFO  : Context for processor 'ps7_cortexa9_0' is selected.
14:52:18 INFO  : Processor reset is completed for 'ps7_cortexa9_0'.
14:52:18 INFO  : Context for processor 'ps7_cortexa9_0' is selected.
14:52:18 INFO  : The application 'D:/zonghekechensheji/light_sensor/light_sensor.sdk/light_sensor/Debug/light_sensor.elf' is downloaded to processor 'ps7_cortexa9_0'.
14:52:18 INFO  : 'configparams force-mem-access 0' command is executed.
14:52:18 INFO  : ----------------XSDB Script----------------
connect -url tcp:127.0.0.1:3121
source D:/zonghekechensheji/light_sensor/light_sensor.sdk/design_1_wrapper_hw_platform_0/ps7_init.tcl
targets -set -nocase -filter {name =~"APU*" && jtag_cable_name =~ "Xilinx TUL1 1234-tulA"} -index 0
loadhw -hw D:/zonghekechensheji/light_sensor/light_sensor.sdk/design_1_wrapper_hw_platform_0/system.hdf -mem-ranges [list {0x40000000 0xbfffffff}]
configparams force-mem-access 1
targets -set -nocase -filter {name =~"APU*" && jtag_cable_name =~ "Xilinx TUL1 1234-tulA"} -index 0
stop
ps7_init
ps7_post_config
targets -set -nocase -filter {name =~ "ARM*#0" && jtag_cable_name =~ "Xilinx TUL1 1234-tulA"} -index 0
rst -processor
targets -set -nocase -filter {name =~ "ARM*#0" && jtag_cable_name =~ "Xilinx TUL1 1234-tulA"} -index 0
dow D:/zonghekechensheji/light_sensor/light_sensor.sdk/light_sensor/Debug/light_sensor.elf
configparams force-mem-access 0
----------------End of Script----------------

14:52:18 INFO  : Memory regions updated for context APU
14:52:18 INFO  : Context for processor 'ps7_cortexa9_0' is selected.
14:52:19 INFO  : 'con' command is executed.
14:52:19 INFO  : ----------------XSDB Script (After Launch)----------------
targets -set -nocase -filter {name =~ "ARM*#0" && jtag_cable_name =~ "Xilinx TUL1 1234-tulA"} -index 0
con
----------------End of Script----------------

14:52:19 INFO  : Launch script is exported to file 'D:\zonghekechensheji\light_sensor\light_sensor.sdk\.sdk\launch_scripts\xilinx_c-c++_application_(system_debugger)\system_debugger_using_debug_light_sensor.elf_on_local.tcl'
14:52:26 INFO  : Disconnected from the channel tcfchan#1.
14:52:27 INFO  : 'targets -set -filter {jtag_cable_name =~ "Xilinx TUL1 1234-tulA" && level==0} -index 1' command is executed.
14:52:27 INFO  : 'fpga -state' command is executed.
14:52:27 INFO  : Connected to target on host '127.0.0.1' and port '3121'.
14:52:27 INFO  : Jtag cable 'Xilinx TUL1 1234-tulA' is selected.
14:52:27 INFO  : 'jtag frequency' command is executed.
14:52:27 INFO  : Sourcing of 'D:/zonghekechensheji/light_sensor/light_sensor.sdk/design_1_wrapper_hw_platform_0/ps7_init.tcl' is done.
14:52:27 INFO  : Context for 'APU' is selected.
14:52:29 INFO  : Hardware design information is loaded from 'D:/zonghekechensheji/light_sensor/light_sensor.sdk/design_1_wrapper_hw_platform_0/system.hdf'.
14:52:29 INFO  : 'configparams force-mem-access 1' command is executed.
14:52:29 INFO  : Context for 'APU' is selected.
14:52:29 INFO  : 'stop' command is executed.
14:52:29 INFO  : 'ps7_init' command is executed.
14:52:29 INFO  : 'ps7_post_config' command is executed.
14:52:29 INFO  : Context for processor 'ps7_cortexa9_0' is selected.
14:52:29 INFO  : Processor reset is completed for 'ps7_cortexa9_0'.
14:52:29 INFO  : Context for processor 'ps7_cortexa9_0' is selected.
14:52:29 INFO  : The application 'D:/zonghekechensheji/light_sensor/light_sensor.sdk/light_sensor/Debug/light_sensor.elf' is downloaded to processor 'ps7_cortexa9_0'.
14:52:29 INFO  : 'configparams force-mem-access 0' command is executed.
14:52:29 INFO  : ----------------XSDB Script----------------
connect -url tcp:127.0.0.1:3121
source D:/zonghekechensheji/light_sensor/light_sensor.sdk/design_1_wrapper_hw_platform_0/ps7_init.tcl
targets -set -nocase -filter {name =~"APU*" && jtag_cable_name =~ "Xilinx TUL1 1234-tulA"} -index 0
loadhw -hw D:/zonghekechensheji/light_sensor/light_sensor.sdk/design_1_wrapper_hw_platform_0/system.hdf -mem-ranges [list {0x40000000 0xbfffffff}]
configparams force-mem-access 1
targets -set -nocase -filter {name =~"APU*" && jtag_cable_name =~ "Xilinx TUL1 1234-tulA"} -index 0
stop
ps7_init
ps7_post_config
targets -set -nocase -filter {name =~ "ARM*#0" && jtag_cable_name =~ "Xilinx TUL1 1234-tulA"} -index 0
rst -processor
targets -set -nocase -filter {name =~ "ARM*#0" && jtag_cable_name =~ "Xilinx TUL1 1234-tulA"} -index 0
dow D:/zonghekechensheji/light_sensor/light_sensor.sdk/light_sensor/Debug/light_sensor.elf
configparams force-mem-access 0
----------------End of Script----------------

14:52:29 INFO  : Memory regions updated for context APU
14:52:29 INFO  : Context for processor 'ps7_cortexa9_0' is selected.
14:52:29 INFO  : 'con' command is executed.
14:52:29 INFO  : ----------------XSDB Script (After Launch)----------------
targets -set -nocase -filter {name =~ "ARM*#0" && jtag_cable_name =~ "Xilinx TUL1 1234-tulA"} -index 0
con
----------------End of Script----------------

14:52:29 INFO  : Launch script is exported to file 'D:\zonghekechensheji\light_sensor\light_sensor.sdk\.sdk\launch_scripts\xilinx_c-c++_application_(system_debugger)\system_debugger_using_debug_light_sensor.elf_on_local.tcl'
14:55:58 INFO  : Disconnected from the channel tcfchan#2.
