12:41:28 INFO  : Registering command handlers for SDK TCF services
12:41:28 INFO  : Launching XSCT server: xsct.bat -interactive C:\Users\MikanseiP\Desktop\zonghekechengsheji\barometer_sensor\barometer_sensor.sdk\temp_xsdb_launch_script.tcl
12:41:30 INFO  : XSCT server has started successfully.
12:41:30 INFO  : Successfully done setting XSCT server connection channel  
12:41:30 INFO  : Successfully done setting SDK workspace  
12:41:30 INFO  : Processing command line option -hwspec C:/Users/MikanseiP/Desktop/zonghekechengsheji/barometer_sensor/barometer_sensor.sdk/design_1_wrapper.hdf.
12:46:42 INFO  : 'targets -set -filter {jtag_cable_name =~ "Xilinx TUL1 1234-tulA" && level==0} -index 1' command is executed.
12:46:42 INFO  : 'fpga -state' command is executed.
12:46:42 INFO  : Connected to target on host '127.0.0.1' and port '3121'.
12:46:42 INFO  : Jtag cable 'Xilinx TUL1 1234-tulA' is selected.
12:46:42 INFO  : 'jtag frequency' command is executed.
12:46:42 INFO  : Sourcing of 'C:/Users/MikanseiP/Desktop/zonghekechengsheji/barometer_sensor/barometer_sensor.sdk/design_1_wrapper_hw_platform_0/ps7_init.tcl' is done.
12:46:42 INFO  : Context for 'APU' is selected.
12:46:42 INFO  : Hardware design information is loaded from 'C:/Users/MikanseiP/Desktop/zonghekechengsheji/barometer_sensor/barometer_sensor.sdk/design_1_wrapper_hw_platform_0/system.hdf'.
12:46:42 INFO  : 'configparams force-mem-access 1' command is executed.
12:46:42 INFO  : Context for 'APU' is selected.
12:46:42 INFO  : 'stop' command is executed.
12:46:43 INFO  : 'ps7_init' command is executed.
12:46:43 INFO  : 'ps7_post_config' command is executed.
12:46:43 INFO  : Context for processor 'ps7_cortexa9_0' is selected.
12:46:43 INFO  : Processor reset is completed for 'ps7_cortexa9_0'.
12:46:43 INFO  : Context for processor 'ps7_cortexa9_0' is selected.
12:46:43 INFO  : The application 'C:/Users/MikanseiP/Desktop/zonghekechengsheji/barometer_sensor/barometer_sensor.sdk/barometer/Debug/barometer.elf' is downloaded to processor 'ps7_cortexa9_0'.
12:46:43 INFO  : 'configparams force-mem-access 0' command is executed.
12:46:43 INFO  : ----------------XSDB Script----------------
connect -url tcp:127.0.0.1:3121
source C:/Users/MikanseiP/Desktop/zonghekechengsheji/barometer_sensor/barometer_sensor.sdk/design_1_wrapper_hw_platform_0/ps7_init.tcl
targets -set -nocase -filter {name =~"APU*" && jtag_cable_name =~ "Xilinx TUL1 1234-tulA"} -index 0
loadhw -hw C:/Users/MikanseiP/Desktop/zonghekechengsheji/barometer_sensor/barometer_sensor.sdk/design_1_wrapper_hw_platform_0/system.hdf -mem-ranges [list {0x40000000 0xbfffffff}]
configparams force-mem-access 1
targets -set -nocase -filter {name =~"APU*" && jtag_cable_name =~ "Xilinx TUL1 1234-tulA"} -index 0
stop
ps7_init
ps7_post_config
targets -set -nocase -filter {name =~ "ARM*#0" && jtag_cable_name =~ "Xilinx TUL1 1234-tulA"} -index 0
rst -processor
targets -set -nocase -filter {name =~ "ARM*#0" && jtag_cable_name =~ "Xilinx TUL1 1234-tulA"} -index 0
dow C:/Users/MikanseiP/Desktop/zonghekechengsheji/barometer_sensor/barometer_sensor.sdk/barometer/Debug/barometer.elf
configparams force-mem-access 0
----------------End of Script----------------

12:46:43 INFO  : Memory regions updated for context APU
12:46:43 INFO  : Context for processor 'ps7_cortexa9_0' is selected.
12:46:43 INFO  : 'con' command is executed.
12:46:43 INFO  : ----------------XSDB Script (After Launch)----------------
targets -set -nocase -filter {name =~ "ARM*#0" && jtag_cable_name =~ "Xilinx TUL1 1234-tulA"} -index 0
con
----------------End of Script----------------

12:46:43 INFO  : Launch script is exported to file 'C:\Users\MikanseiP\Desktop\zonghekechengsheji\barometer_sensor\barometer_sensor.sdk\.sdk\launch_scripts\xilinx_c-c++_application_(system_debugger)\system_debugger_using_debug_barometer.elf_on_local.tcl'
12:58:36 INFO  : Disconnected from the channel tcfchan#1.
12:58:37 INFO  : 'targets -set -filter {jtag_cable_name =~ "Xilinx TUL1 1234-tulA" && level==0} -index 1' command is executed.
12:58:37 INFO  : 'fpga -state' command is executed.
12:58:37 INFO  : Connected to target on host '127.0.0.1' and port '3121'.
12:58:37 INFO  : Jtag cable 'Xilinx TUL1 1234-tulA' is selected.
12:58:37 INFO  : 'jtag frequency' command is executed.
12:58:37 INFO  : Sourcing of 'C:/Users/MikanseiP/Desktop/zonghekechengsheji/barometer_sensor/barometer_sensor.sdk/design_1_wrapper_hw_platform_0/ps7_init.tcl' is done.
12:58:37 INFO  : Context for 'APU' is selected.
12:58:38 INFO  : Hardware design information is loaded from 'C:/Users/MikanseiP/Desktop/zonghekechengsheji/barometer_sensor/barometer_sensor.sdk/design_1_wrapper_hw_platform_0/system.hdf'.
12:58:38 INFO  : 'configparams force-mem-access 1' command is executed.
12:58:38 INFO  : Context for 'APU' is selected.
12:58:38 INFO  : 'stop' command is executed.
12:58:38 INFO  : 'ps7_init' command is executed.
12:58:38 INFO  : 'ps7_post_config' command is executed.
12:58:38 INFO  : Context for processor 'ps7_cortexa9_0' is selected.
12:58:38 INFO  : Processor reset is completed for 'ps7_cortexa9_0'.
12:58:38 INFO  : Context for processor 'ps7_cortexa9_0' is selected.
12:58:38 INFO  : The application 'C:/Users/MikanseiP/Desktop/zonghekechengsheji/barometer_sensor/barometer_sensor.sdk/barometer/Debug/barometer.elf' is downloaded to processor 'ps7_cortexa9_0'.
12:58:38 INFO  : 'configparams force-mem-access 0' command is executed.
12:58:38 INFO  : ----------------XSDB Script----------------
connect -url tcp:127.0.0.1:3121
source C:/Users/MikanseiP/Desktop/zonghekechengsheji/barometer_sensor/barometer_sensor.sdk/design_1_wrapper_hw_platform_0/ps7_init.tcl
targets -set -nocase -filter {name =~"APU*" && jtag_cable_name =~ "Xilinx TUL1 1234-tulA"} -index 0
loadhw -hw C:/Users/MikanseiP/Desktop/zonghekechengsheji/barometer_sensor/barometer_sensor.sdk/design_1_wrapper_hw_platform_0/system.hdf -mem-ranges [list {0x40000000 0xbfffffff}]
configparams force-mem-access 1
targets -set -nocase -filter {name =~"APU*" && jtag_cable_name =~ "Xilinx TUL1 1234-tulA"} -index 0
stop
ps7_init
ps7_post_config
targets -set -nocase -filter {name =~ "ARM*#0" && jtag_cable_name =~ "Xilinx TUL1 1234-tulA"} -index 0
rst -processor
targets -set -nocase -filter {name =~ "ARM*#0" && jtag_cable_name =~ "Xilinx TUL1 1234-tulA"} -index 0
dow C:/Users/MikanseiP/Desktop/zonghekechengsheji/barometer_sensor/barometer_sensor.sdk/barometer/Debug/barometer.elf
configparams force-mem-access 0
----------------End of Script----------------

12:58:39 INFO  : Memory regions updated for context APU
12:58:39 INFO  : Context for processor 'ps7_cortexa9_0' is selected.
12:58:39 INFO  : 'con' command is executed.
12:58:39 INFO  : ----------------XSDB Script (After Launch)----------------
targets -set -nocase -filter {name =~ "ARM*#0" && jtag_cable_name =~ "Xilinx TUL1 1234-tulA"} -index 0
con
----------------End of Script----------------

12:58:39 INFO  : Launch script is exported to file 'C:\Users\MikanseiP\Desktop\zonghekechengsheji\barometer_sensor\barometer_sensor.sdk\.sdk\launch_scripts\xilinx_c-c++_application_(system_debugger)\system_debugger_using_debug_barometer.elf_on_local.tcl'
12:59:31 INFO  : Disconnected from the channel tcfchan#2.
13:08:08 INFO  : Registering command handlers for SDK TCF services
13:08:08 INFO  : Launching XSCT server: xsct.bat -interactive C:\Users\MikanseiP\Desktop\zonghekechengsheji\barometer_sensor\barometer_sensor.sdk\temp_xsdb_launch_script.tcl
13:08:10 INFO  : XSCT server has started successfully.
13:08:11 INFO  : Successfully done setting XSCT server connection channel  
13:08:11 INFO  : Successfully done setting SDK workspace  
13:08:11 INFO  : Processing command line option -hwspec C:/Users/MikanseiP/Desktop/zonghekechengsheji/barometer_sensor/barometer_sensor.sdk/design_1_wrapper.hdf.
13:08:11 INFO  : Checking for hwspec changes in the project design_1_wrapper_hw_platform_0.
13:08:12 INFO  : SDK has detected change in the last modified timestamps for source hardware specification file Source:1741237619566,  Project:1741236064729
13:08:12 INFO  : The hardware specification for project 'design_1_wrapper_hw_platform_0' is different from C:/Users/MikanseiP/Desktop/zonghekechengsheji/barometer_sensor/barometer_sensor.sdk/design_1_wrapper.hdf.
13:08:12 INFO  : Copied contents of C:/Users/MikanseiP/Desktop/zonghekechengsheji/barometer_sensor/barometer_sensor.sdk/design_1_wrapper.hdf into \design_1_wrapper_hw_platform_0\system.hdf.
13:08:14 INFO  : Synchronizing projects in the workspace with the hardware platform specification changes.
13:08:15 INFO  : 
13:08:16 INFO  : Updating hardware inferred compiler options for barometer.
13:08:16 INFO  : Clearing existing target manager status.
13:08:16 WARN  : Given IPC port value is invalid. Using default port 2350
13:08:16 WARN  : Given XMD timeout value is invalid. Using default value of 50000
13:08:18 WARN  : Given XMD transaction timeout value is invalid. Using default value of 60000 milli seconds
13:09:30 INFO  : 'targets -set -filter {jtag_cable_name =~ "Xilinx TUL1 1234-tulA" && level==0} -index 1' command is executed.
13:09:30 INFO  : 'fpga -state' command is executed.
13:09:30 INFO  : Connected to target on host '127.0.0.1' and port '3121'.
13:09:30 INFO  : Jtag cable 'Xilinx TUL1 1234-tulA' is selected.
13:09:30 INFO  : 'jtag frequency' command is executed.
13:09:30 INFO  : Sourcing of 'C:/Users/MikanseiP/Desktop/zonghekechengsheji/barometer_sensor/barometer_sensor.sdk/design_1_wrapper_hw_platform_0/ps7_init.tcl' is done.
13:09:30 INFO  : Context for 'APU' is selected.
13:09:30 INFO  : Hardware design information is loaded from 'C:/Users/MikanseiP/Desktop/zonghekechengsheji/barometer_sensor/barometer_sensor.sdk/design_1_wrapper_hw_platform_0/system.hdf'.
13:09:30 INFO  : 'configparams force-mem-access 1' command is executed.
13:09:30 INFO  : Context for 'APU' is selected.
13:09:30 INFO  : 'stop' command is executed.
13:09:31 ERROR : Memory read error at 0xF8F00208. Cannot halt processor core, timeout
13:09:31 INFO  : ----------------XSDB Script----------------
connect -url tcp:127.0.0.1:3121
source C:/Users/MikanseiP/Desktop/zonghekechengsheji/barometer_sensor/barometer_sensor.sdk/design_1_wrapper_hw_platform_0/ps7_init.tcl
targets -set -nocase -filter {name =~"APU*" && jtag_cable_name =~ "Xilinx TUL1 1234-tulA"} -index 0
loadhw -hw C:/Users/MikanseiP/Desktop/zonghekechengsheji/barometer_sensor/barometer_sensor.sdk/design_1_wrapper_hw_platform_0/system.hdf -mem-ranges [list {0x40000000 0xbfffffff}]
configparams force-mem-access 1
targets -set -nocase -filter {name =~"APU*" && jtag_cable_name =~ "Xilinx TUL1 1234-tulA"} -index 0
stop
ps7_init
----------------End of Script----------------

13:10:05 INFO  : 'targets -set -filter {jtag_cable_name =~ "Xilinx TUL1 1234-tulA" && level==0} -index 1' command is executed.
13:10:05 INFO  : 'fpga -state' command is executed.
13:10:05 INFO  : Connected to target on host '127.0.0.1' and port '3121'.
13:10:05 INFO  : Jtag cable 'Xilinx TUL1 1234-tulA' is selected.
13:10:05 INFO  : 'jtag frequency' command is executed.
13:10:05 INFO  : Sourcing of 'C:/Users/MikanseiP/Desktop/zonghekechengsheji/barometer_sensor/barometer_sensor.sdk/design_1_wrapper_hw_platform_0/ps7_init.tcl' is done.
13:10:05 INFO  : Context for 'APU' is selected.
13:10:05 INFO  : Hardware design information is loaded from 'C:/Users/MikanseiP/Desktop/zonghekechengsheji/barometer_sensor/barometer_sensor.sdk/design_1_wrapper_hw_platform_0/system.hdf'.
13:10:05 INFO  : 'configparams force-mem-access 1' command is executed.
13:10:05 INFO  : Context for 'APU' is selected.
13:10:05 INFO  : 'stop' command is executed.
13:10:06 INFO  : 'ps7_init' command is executed.
13:10:06 INFO  : 'ps7_post_config' command is executed.
13:10:06 INFO  : Context for processor 'ps7_cortexa9_0' is selected.
13:10:06 INFO  : Processor reset is completed for 'ps7_cortexa9_0'.
13:10:06 INFO  : Context for processor 'ps7_cortexa9_0' is selected.
13:10:06 INFO  : The application 'C:/Users/MikanseiP/Desktop/zonghekechengsheji/barometer_sensor/barometer_sensor.sdk/barometer/Debug/barometer.elf' is downloaded to processor 'ps7_cortexa9_0'.
13:10:06 INFO  : 'configparams force-mem-access 0' command is executed.
13:10:06 INFO  : ----------------XSDB Script----------------
connect -url tcp:127.0.0.1:3121
source C:/Users/MikanseiP/Desktop/zonghekechengsheji/barometer_sensor/barometer_sensor.sdk/design_1_wrapper_hw_platform_0/ps7_init.tcl
targets -set -nocase -filter {name =~"APU*" && jtag_cable_name =~ "Xilinx TUL1 1234-tulA"} -index 0
loadhw -hw C:/Users/MikanseiP/Desktop/zonghekechengsheji/barometer_sensor/barometer_sensor.sdk/design_1_wrapper_hw_platform_0/system.hdf -mem-ranges [list {0x40000000 0xbfffffff}]
configparams force-mem-access 1
targets -set -nocase -filter {name =~"APU*" && jtag_cable_name =~ "Xilinx TUL1 1234-tulA"} -index 0
stop
ps7_init
ps7_post_config
targets -set -nocase -filter {name =~ "ARM*#0" && jtag_cable_name =~ "Xilinx TUL1 1234-tulA"} -index 0
rst -processor
targets -set -nocase -filter {name =~ "ARM*#0" && jtag_cable_name =~ "Xilinx TUL1 1234-tulA"} -index 0
dow C:/Users/MikanseiP/Desktop/zonghekechengsheji/barometer_sensor/barometer_sensor.sdk/barometer/Debug/barometer.elf
configparams force-mem-access 0
----------------End of Script----------------

13:10:06 INFO  : Memory regions updated for context APU
13:10:06 INFO  : Context for processor 'ps7_cortexa9_0' is selected.
13:10:06 INFO  : 'con' command is executed.
13:10:06 INFO  : ----------------XSDB Script (After Launch)----------------
targets -set -nocase -filter {name =~ "ARM*#0" && jtag_cable_name =~ "Xilinx TUL1 1234-tulA"} -index 0
con
----------------End of Script----------------

13:10:06 INFO  : Launch script is exported to file 'C:\Users\MikanseiP\Desktop\zonghekechengsheji\barometer_sensor\barometer_sensor.sdk\.sdk\launch_scripts\xilinx_c-c++_application_(system_debugger)\system_debugger_using_debug_barometer.elf_on_local.tcl'
13:10:47 INFO  : Disconnected from the channel tcfchan#1.
13:10:47 ERROR : Unexpected error while parsing XMD response ?: com.google.gson.JsonSyntaxException: com.google.gson.stream.MalformedJsonException: invalid number or unquoted string near 
