09:48:33 INFO  : Registering command handlers for SDK TCF services
09:48:33 INFO  : Launching XSCT server: xsct.bat -interactive C:\Users\MikanseiP\Desktop\zonghekechengsheji\us_with_pir\us_with_pir.sdk\temp_xsdb_launch_script.tcl
09:48:36 INFO  : XSCT server has started successfully.
09:48:36 INFO  : Successfully done setting XSCT server connection channel  
09:48:38 INFO  : Successfully done setting SDK workspace  
09:48:38 INFO  : Processing command line option -hwspec C:/Users/MikanseiP/Desktop/zonghekechengsheji/us_with_pir/us_with_pir.sdk/design_1_wrapper.hdf.
09:51:44 INFO  : Registering command handlers for SDK TCF services
09:51:44 INFO  : Launching XSCT server: xsct.bat -interactive C:\Users\MikanseiP\Desktop\zonghekechengsheji\us_with_pir\us_with_pir.sdk\temp_xsdb_launch_script.tcl
09:51:46 INFO  : XSCT server has started successfully.
09:51:46 INFO  : Successfully done setting XSCT server connection channel  
09:51:47 INFO  : Successfully done setting SDK workspace  
09:51:47 INFO  : Processing command line option -hwspec C:/Users/MikanseiP/Desktop/zonghekechengsheji/us_with_pir/us_with_pir.sdk/design_1_wrapper.hdf.
09:51:47 INFO  : Checking for hwspec changes in the project design_1_wrapper_hw_platform_0.
10:09:16 INFO  : Registering command handlers for SDK TCF services
10:09:16 INFO  : Launching XSCT server: xsct.bat -interactive C:\Users\MikanseiP\Desktop\zonghekechengsheji\us_with_pir\us_with_pir.sdk\temp_xsdb_launch_script.tcl
10:09:18 INFO  : XSCT server has started successfully.
10:09:18 INFO  : Successfully done setting XSCT server connection channel  
10:09:18 INFO  : Successfully done setting SDK workspace  
10:09:18 INFO  : Processing command line option -hwspec C:/Users/MikanseiP/Desktop/zonghekechengsheji/us_with_pir/us_with_pir.sdk/design_1_wrapper.hdf.
10:09:18 INFO  : Checking for hwspec changes in the project design_1_wrapper_hw_platform_0.
10:33:02 INFO  : 'targets -set -filter {jtag_cable_name =~ "Xilinx TUL1 1234-tulA" && level==0} -index 1' command is executed.
10:33:02 INFO  : 'fpga -state' command is executed.
10:33:05 INFO  : Memory regions updated for context APU
10:33:27 INFO  : 'targets -set -filter {jtag_cable_name =~ "Xilinx TUL1 1234-tulA" && level==0} -index 1' command is executed.
10:33:27 INFO  : 'fpga -state' command is executed.
10:33:27 INFO  : Connected to target on host '127.0.0.1' and port '3121'.
10:33:27 INFO  : Jtag cable 'Xilinx TUL1 1234-tulA' is selected.
10:33:27 INFO  : 'jtag frequency' command is executed.
10:33:27 INFO  : Sourcing of 'C:/Users/MikanseiP/Desktop/zonghekechengsheji/us_with_pir/us_with_pir.sdk/design_1_wrapper_hw_platform_0/ps7_init.tcl' is done.
10:33:27 INFO  : Context for 'APU' is selected.
10:33:27 INFO  : Hardware design information is loaded from 'C:/Users/MikanseiP/Desktop/zonghekechengsheji/us_with_pir/us_with_pir.sdk/design_1_wrapper_hw_platform_0/system.hdf'.
10:33:27 INFO  : 'configparams force-mem-access 1' command is executed.
10:33:27 INFO  : Context for 'APU' is selected.
10:33:27 INFO  : 'stop' command is executed.
10:33:27 INFO  : 'ps7_init' command is executed.
10:33:27 INFO  : 'ps7_post_config' command is executed.
10:33:27 INFO  : Context for processor 'ps7_cortexa9_0' is selected.
10:33:27 INFO  : Processor reset is completed for 'ps7_cortexa9_0'.
10:33:27 INFO  : Context for processor 'ps7_cortexa9_0' is selected.
10:33:27 INFO  : The application 'C:/Users/MikanseiP/Desktop/zonghekechengsheji/us_with_pir/us_with_pir.sdk/us_with_pir/Debug/us_with_pir.elf' is downloaded to processor 'ps7_cortexa9_0'.
10:33:27 INFO  : 'configparams force-mem-access 0' command is executed.
10:33:27 INFO  : ----------------XSDB Script----------------
connect -url tcp:127.0.0.1:3121
source C:/Users/MikanseiP/Desktop/zonghekechengsheji/us_with_pir/us_with_pir.sdk/design_1_wrapper_hw_platform_0/ps7_init.tcl
targets -set -nocase -filter {name =~"APU*" && jtag_cable_name =~ "Xilinx TUL1 1234-tulA"} -index 0
loadhw -hw C:/Users/MikanseiP/Desktop/zonghekechengsheji/us_with_pir/us_with_pir.sdk/design_1_wrapper_hw_platform_0/system.hdf -mem-ranges [list {0x40000000 0xbfffffff}]
configparams force-mem-access 1
targets -set -nocase -filter {name =~"APU*" && jtag_cable_name =~ "Xilinx TUL1 1234-tulA"} -index 0
stop
ps7_init
ps7_post_config
targets -set -nocase -filter {name =~ "ARM*#0" && jtag_cable_name =~ "Xilinx TUL1 1234-tulA"} -index 0
rst -processor
targets -set -nocase -filter {name =~ "ARM*#0" && jtag_cable_name =~ "Xilinx TUL1 1234-tulA"} -index 0
dow C:/Users/MikanseiP/Desktop/zonghekechengsheji/us_with_pir/us_with_pir.sdk/us_with_pir/Debug/us_with_pir.elf
configparams force-mem-access 0
----------------End of Script----------------

10:33:27 INFO  : Memory regions updated for context APU
10:33:28 INFO  : Context for processor 'ps7_cortexa9_0' is selected.
10:33:28 INFO  : 'con' command is executed.
10:33:28 INFO  : ----------------XSDB Script (After Launch)----------------
targets -set -nocase -filter {name =~ "ARM*#0" && jtag_cable_name =~ "Xilinx TUL1 1234-tulA"} -index 0
con
----------------End of Script----------------

10:33:28 INFO  : Launch script is exported to file 'C:\Users\MikanseiP\Desktop\zonghekechengsheji\us_with_pir\us_with_pir.sdk\.sdk\launch_scripts\xilinx_c-c++_application_(system_debugger)\system_debugger_using_debug_us_with_pir.elf_on_local.tcl'
10:34:36 INFO  : Disconnected from the channel tcfchan#1.
10:34:37 INFO  : 'targets -set -filter {jtag_cable_name =~ "Xilinx TUL1 1234-tulA" && level==0} -index 1' command is executed.
10:34:37 INFO  : 'fpga -state' command is executed.
10:34:37 INFO  : Connected to target on host '127.0.0.1' and port '3121'.
10:34:37 INFO  : Jtag cable 'Xilinx TUL1 1234-tulA' is selected.
10:34:37 INFO  : 'jtag frequency' command is executed.
10:34:37 INFO  : Sourcing of 'C:/Users/MikanseiP/Desktop/zonghekechengsheji/us_with_pir/us_with_pir.sdk/design_1_wrapper_hw_platform_0/ps7_init.tcl' is done.
10:34:37 INFO  : Context for 'APU' is selected.
10:34:38 INFO  : Hardware design information is loaded from 'C:/Users/MikanseiP/Desktop/zonghekechengsheji/us_with_pir/us_with_pir.sdk/design_1_wrapper_hw_platform_0/system.hdf'.
10:34:38 INFO  : 'configparams force-mem-access 1' command is executed.
10:34:38 INFO  : Context for 'APU' is selected.
10:34:38 INFO  : 'stop' command is executed.
10:34:38 INFO  : 'ps7_init' command is executed.
10:34:38 INFO  : 'ps7_post_config' command is executed.
10:34:38 INFO  : Context for processor 'ps7_cortexa9_0' is selected.
10:34:39 INFO  : Processor reset is completed for 'ps7_cortexa9_0'.
10:34:39 INFO  : Context for processor 'ps7_cortexa9_0' is selected.
10:34:39 INFO  : The application 'C:/Users/MikanseiP/Desktop/zonghekechengsheji/us_with_pir/us_with_pir.sdk/us_with_pir/Debug/us_with_pir.elf' is downloaded to processor 'ps7_cortexa9_0'.
10:34:39 INFO  : 'configparams force-mem-access 0' command is executed.
10:34:39 INFO  : ----------------XSDB Script----------------
connect -url tcp:127.0.0.1:3121
source C:/Users/MikanseiP/Desktop/zonghekechengsheji/us_with_pir/us_with_pir.sdk/design_1_wrapper_hw_platform_0/ps7_init.tcl
targets -set -nocase -filter {name =~"APU*" && jtag_cable_name =~ "Xilinx TUL1 1234-tulA"} -index 0
loadhw -hw C:/Users/MikanseiP/Desktop/zonghekechengsheji/us_with_pir/us_with_pir.sdk/design_1_wrapper_hw_platform_0/system.hdf -mem-ranges [list {0x40000000 0xbfffffff}]
configparams force-mem-access 1
targets -set -nocase -filter {name =~"APU*" && jtag_cable_name =~ "Xilinx TUL1 1234-tulA"} -index 0
stop
ps7_init
ps7_post_config
targets -set -nocase -filter {name =~ "ARM*#0" && jtag_cable_name =~ "Xilinx TUL1 1234-tulA"} -index 0
rst -processor
targets -set -nocase -filter {name =~ "ARM*#0" && jtag_cable_name =~ "Xilinx TUL1 1234-tulA"} -index 0
dow C:/Users/MikanseiP/Desktop/zonghekechengsheji/us_with_pir/us_with_pir.sdk/us_with_pir/Debug/us_with_pir.elf
configparams force-mem-access 0
----------------End of Script----------------

10:34:39 INFO  : Memory regions updated for context APU
10:34:39 INFO  : Context for processor 'ps7_cortexa9_0' is selected.
10:34:39 INFO  : 'con' command is executed.
10:34:39 INFO  : ----------------XSDB Script (After Launch)----------------
targets -set -nocase -filter {name =~ "ARM*#0" && jtag_cable_name =~ "Xilinx TUL1 1234-tulA"} -index 0
con
----------------End of Script----------------

10:34:39 INFO  : Launch script is exported to file 'C:\Users\MikanseiP\Desktop\zonghekechengsheji\us_with_pir\us_with_pir.sdk\.sdk\launch_scripts\xilinx_c-c++_application_(system_debugger)\system_debugger_using_debug_us_with_pir.elf_on_local.tcl'
10:45:49 INFO  : Disconnected from the channel tcfchan#2.
10:45:50 INFO  : 'targets -set -filter {jtag_cable_name =~ "Xilinx TUL1 1234-tulA" && level==0} -index 1' command is executed.
10:45:50 INFO  : 'fpga -state' command is executed.
10:45:50 INFO  : Connected to target on host '127.0.0.1' and port '3121'.
10:45:50 INFO  : Jtag cable 'Xilinx TUL1 1234-tulA' is selected.
10:45:50 INFO  : 'jtag frequency' command is executed.
10:45:50 INFO  : Sourcing of 'C:/Users/MikanseiP/Desktop/zonghekechengsheji/us_with_pir/us_with_pir.sdk/design_1_wrapper_hw_platform_0/ps7_init.tcl' is done.
10:45:50 INFO  : Context for 'APU' is selected.
10:45:51 INFO  : Hardware design information is loaded from 'C:/Users/MikanseiP/Desktop/zonghekechengsheji/us_with_pir/us_with_pir.sdk/design_1_wrapper_hw_platform_0/system.hdf'.
10:45:51 INFO  : 'configparams force-mem-access 1' command is executed.
10:45:51 INFO  : Context for 'APU' is selected.
10:45:51 INFO  : 'stop' command is executed.
10:45:51 INFO  : 'ps7_init' command is executed.
10:45:51 INFO  : 'ps7_post_config' command is executed.
10:45:51 INFO  : Context for processor 'ps7_cortexa9_0' is selected.
10:45:51 INFO  : Processor reset is completed for 'ps7_cortexa9_0'.
10:45:51 INFO  : Context for processor 'ps7_cortexa9_0' is selected.
10:45:51 INFO  : The application 'C:/Users/MikanseiP/Desktop/zonghekechengsheji/us_with_pir/us_with_pir.sdk/us_with_pir/Debug/us_with_pir.elf' is downloaded to processor 'ps7_cortexa9_0'.
10:45:51 INFO  : 'configparams force-mem-access 0' command is executed.
10:45:51 INFO  : ----------------XSDB Script----------------
connect -url tcp:127.0.0.1:3121
source C:/Users/MikanseiP/Desktop/zonghekechengsheji/us_with_pir/us_with_pir.sdk/design_1_wrapper_hw_platform_0/ps7_init.tcl
targets -set -nocase -filter {name =~"APU*" && jtag_cable_name =~ "Xilinx TUL1 1234-tulA"} -index 0
loadhw -hw C:/Users/MikanseiP/Desktop/zonghekechengsheji/us_with_pir/us_with_pir.sdk/design_1_wrapper_hw_platform_0/system.hdf -mem-ranges [list {0x40000000 0xbfffffff}]
configparams force-mem-access 1
targets -set -nocase -filter {name =~"APU*" && jtag_cable_name =~ "Xilinx TUL1 1234-tulA"} -index 0
stop
ps7_init
ps7_post_config
targets -set -nocase -filter {name =~ "ARM*#0" && jtag_cable_name =~ "Xilinx TUL1 1234-tulA"} -index 0
rst -processor
targets -set -nocase -filter {name =~ "ARM*#0" && jtag_cable_name =~ "Xilinx TUL1 1234-tulA"} -index 0
dow C:/Users/MikanseiP/Desktop/zonghekechengsheji/us_with_pir/us_with_pir.sdk/us_with_pir/Debug/us_with_pir.elf
configparams force-mem-access 0
----------------End of Script----------------

10:45:51 INFO  : Memory regions updated for context APU
10:45:51 INFO  : Context for processor 'ps7_cortexa9_0' is selected.
10:45:51 INFO  : 'con' command is executed.
10:45:51 INFO  : ----------------XSDB Script (After Launch)----------------
targets -set -nocase -filter {name =~ "ARM*#0" && jtag_cable_name =~ "Xilinx TUL1 1234-tulA"} -index 0
con
----------------End of Script----------------

10:45:51 INFO  : Launch script is exported to file 'C:\Users\MikanseiP\Desktop\zonghekechengsheji\us_with_pir\us_with_pir.sdk\.sdk\launch_scripts\xilinx_c-c++_application_(system_debugger)\system_debugger_using_debug_us_with_pir.elf_on_local.tcl'
11:08:00 INFO  : Disconnected from the channel tcfchan#3.
11:08:01 INFO  : 'targets -set -filter {jtag_cable_name =~ "Xilinx TUL1 1234-tulA" && level==0} -index 1' command is executed.
11:08:01 INFO  : 'fpga -state' command is executed.
11:08:01 INFO  : Connected to target on host '127.0.0.1' and port '3121'.
11:08:01 INFO  : Jtag cable 'Xilinx TUL1 1234-tulA' is selected.
11:08:01 INFO  : 'jtag frequency' command is executed.
11:08:01 INFO  : Sourcing of 'C:/Users/MikanseiP/Desktop/zonghekechengsheji/us_with_pir/us_with_pir.sdk/design_1_wrapper_hw_platform_0/ps7_init.tcl' is done.
11:08:01 INFO  : Context for 'APU' is selected.
11:08:01 INFO  : Hardware design information is loaded from 'C:/Users/MikanseiP/Desktop/zonghekechengsheji/us_with_pir/us_with_pir.sdk/design_1_wrapper_hw_platform_0/system.hdf'.
11:08:01 INFO  : 'configparams force-mem-access 1' command is executed.
11:08:01 INFO  : Context for 'APU' is selected.
11:08:01 INFO  : 'stop' command is executed.
11:08:02 INFO  : 'ps7_init' command is executed.
11:08:02 INFO  : 'ps7_post_config' command is executed.
11:08:02 INFO  : Context for processor 'ps7_cortexa9_0' is selected.
11:08:02 INFO  : Processor reset is completed for 'ps7_cortexa9_0'.
11:08:02 INFO  : Context for processor 'ps7_cortexa9_0' is selected.
11:08:02 INFO  : The application 'C:/Users/MikanseiP/Desktop/zonghekechengsheji/us_with_pir/us_with_pir.sdk/us_with_pir/Debug/us_with_pir.elf' is downloaded to processor 'ps7_cortexa9_0'.
11:08:02 INFO  : 'configparams force-mem-access 0' command is executed.
11:08:02 INFO  : ----------------XSDB Script----------------
connect -url tcp:127.0.0.1:3121
source C:/Users/MikanseiP/Desktop/zonghekechengsheji/us_with_pir/us_with_pir.sdk/design_1_wrapper_hw_platform_0/ps7_init.tcl
targets -set -nocase -filter {name =~"APU*" && jtag_cable_name =~ "Xilinx TUL1 1234-tulA"} -index 0
loadhw -hw C:/Users/MikanseiP/Desktop/zonghekechengsheji/us_with_pir/us_with_pir.sdk/design_1_wrapper_hw_platform_0/system.hdf -mem-ranges [list {0x40000000 0xbfffffff}]
configparams force-mem-access 1
targets -set -nocase -filter {name =~"APU*" && jtag_cable_name =~ "Xilinx TUL1 1234-tulA"} -index 0
stop
ps7_init
ps7_post_config
targets -set -nocase -filter {name =~ "ARM*#0" && jtag_cable_name =~ "Xilinx TUL1 1234-tulA"} -index 0
rst -processor
targets -set -nocase -filter {name =~ "ARM*#0" && jtag_cable_name =~ "Xilinx TUL1 1234-tulA"} -index 0
dow C:/Users/MikanseiP/Desktop/zonghekechengsheji/us_with_pir/us_with_pir.sdk/us_with_pir/Debug/us_with_pir.elf
configparams force-mem-access 0
----------------End of Script----------------

11:08:02 INFO  : Memory regions updated for context APU
11:08:02 INFO  : Context for processor 'ps7_cortexa9_0' is selected.
11:08:02 INFO  : 'con' command is executed.
11:08:02 INFO  : ----------------XSDB Script (After Launch)----------------
targets -set -nocase -filter {name =~ "ARM*#0" && jtag_cable_name =~ "Xilinx TUL1 1234-tulA"} -index 0
con
----------------End of Script----------------

11:08:02 INFO  : Launch script is exported to file 'C:\Users\MikanseiP\Desktop\zonghekechengsheji\us_with_pir\us_with_pir.sdk\.sdk\launch_scripts\xilinx_c-c++_application_(system_debugger)\system_debugger_using_debug_us_with_pir.elf_on_local.tcl'
11:09:16 INFO  : Disconnected from the channel tcfchan#4.
11:09:17 INFO  : 'targets -set -filter {jtag_cable_name =~ "Xilinx TUL1 1234-tulA" && level==0} -index 1' command is executed.
11:09:17 INFO  : 'fpga -state' command is executed.
11:09:17 INFO  : Connected to target on host '127.0.0.1' and port '3121'.
11:09:17 INFO  : Jtag cable 'Xilinx TUL1 1234-tulA' is selected.
11:09:17 INFO  : 'jtag frequency' command is executed.
11:09:17 INFO  : Sourcing of 'C:/Users/MikanseiP/Desktop/zonghekechengsheji/us_with_pir/us_with_pir.sdk/design_1_wrapper_hw_platform_0/ps7_init.tcl' is done.
11:09:17 INFO  : Context for 'APU' is selected.
11:09:17 INFO  : Hardware design information is loaded from 'C:/Users/MikanseiP/Desktop/zonghekechengsheji/us_with_pir/us_with_pir.sdk/design_1_wrapper_hw_platform_0/system.hdf'.
11:09:17 INFO  : 'configparams force-mem-access 1' command is executed.
11:09:17 INFO  : Context for 'APU' is selected.
11:09:17 INFO  : 'stop' command is executed.
11:09:18 INFO  : 'ps7_init' command is executed.
11:09:18 INFO  : 'ps7_post_config' command is executed.
11:09:18 INFO  : Context for processor 'ps7_cortexa9_0' is selected.
11:09:18 INFO  : Processor reset is completed for 'ps7_cortexa9_0'.
11:09:18 INFO  : Context for processor 'ps7_cortexa9_0' is selected.
11:09:18 INFO  : The application 'C:/Users/MikanseiP/Desktop/zonghekechengsheji/us_with_pir/us_with_pir.sdk/us_with_pir/Debug/us_with_pir.elf' is downloaded to processor 'ps7_cortexa9_0'.
11:09:18 INFO  : 'configparams force-mem-access 0' command is executed.
11:09:18 INFO  : ----------------XSDB Script----------------
connect -url tcp:127.0.0.1:3121
source C:/Users/MikanseiP/Desktop/zonghekechengsheji/us_with_pir/us_with_pir.sdk/design_1_wrapper_hw_platform_0/ps7_init.tcl
targets -set -nocase -filter {name =~"APU*" && jtag_cable_name =~ "Xilinx TUL1 1234-tulA"} -index 0
loadhw -hw C:/Users/MikanseiP/Desktop/zonghekechengsheji/us_with_pir/us_with_pir.sdk/design_1_wrapper_hw_platform_0/system.hdf -mem-ranges [list {0x40000000 0xbfffffff}]
configparams force-mem-access 1
targets -set -nocase -filter {name =~"APU*" && jtag_cable_name =~ "Xilinx TUL1 1234-tulA"} -index 0
stop
ps7_init
ps7_post_config
targets -set -nocase -filter {name =~ "ARM*#0" && jtag_cable_name =~ "Xilinx TUL1 1234-tulA"} -index 0
rst -processor
targets -set -nocase -filter {name =~ "ARM*#0" && jtag_cable_name =~ "Xilinx TUL1 1234-tulA"} -index 0
dow C:/Users/MikanseiP/Desktop/zonghekechengsheji/us_with_pir/us_with_pir.sdk/us_with_pir/Debug/us_with_pir.elf
configparams force-mem-access 0
----------------End of Script----------------

11:09:18 INFO  : Memory regions updated for context APU
11:09:18 INFO  : Context for processor 'ps7_cortexa9_0' is selected.
11:09:18 INFO  : 'con' command is executed.
11:09:18 INFO  : ----------------XSDB Script (After Launch)----------------
targets -set -nocase -filter {name =~ "ARM*#0" && jtag_cable_name =~ "Xilinx TUL1 1234-tulA"} -index 0
con
----------------End of Script----------------

11:09:18 INFO  : Launch script is exported to file 'C:\Users\MikanseiP\Desktop\zonghekechengsheji\us_with_pir\us_with_pir.sdk\.sdk\launch_scripts\xilinx_c-c++_application_(system_debugger)\system_debugger_using_debug_us_with_pir.elf_on_local.tcl'
11:10:05 INFO  : Disconnected from the channel tcfchan#5.
